#
# There is insufficient memory for the Java Runtime Environment to continue.
# Native memory allocation (malloc) failed to allocate 1121456 bytes for Chunk::new
# Possible reasons:
#   The system is out of physical RAM or swap space
#   In 32 bit mode, the process size limit was hit
# Possible solutions:
#   Reduce memory load on the system
#   Increase physical memory or swap space
#   Check if swap backing store is full
#   Use 64 bit Java on a 64 bit OS
#   Decrease Java heap size (-Xmx/-Xms)
#   Decrease number of Java threads
#   Decrease Java thread stack sizes (-Xss)
#   Set larger code cache with -XX:ReservedCodeCacheSize=
# This output file may be truncated or incomplete.
#
#  Out of Memory Error (allocation.cpp:390), pid=7392, tid=0x00000000000007c8
#
# JRE version: OpenJDK Runtime Environment (8.0_152-b02) (build 1.8.0_152-release-1024-b02)
# Java VM: OpenJDK 64-Bit Server VM (25.152-b02 mixed mode windows-amd64 compressed oops)
# Failed to write core dump. Minidumps are not enabled by default on client versions of Windows
#

---------------  T H R E A D  ---------------

Current thread (0x0000000016b5e000):  JavaThread "C2 CompilerThread0" daemon [_thread_in_native, id=1992, stack(0x0000000018520000,0x0000000018620000)]

Stack: [0x0000000018520000,0x0000000018620000]
[error occurred during error reporting (printing stack bounds), id 0xc0000005]

Native frames: (J=compiled Java code, j=interpreted, Vv=VM code, C=native code)


Current CompileTask:
C2:   6476 3320   !   4       java.util.jar.Attributes::read (380 bytes)


---------------  P R O C E S S  ---------------

Java Threads: ( => current thread )
  0x000000001b59d800 JavaThread "Build operations Thread 4" [_thread_blocked, id=5556, stack(0x00000000208a0000,0x00000000209a0000)]
  0x000000001b1d4000 JavaThread "Build operations Thread 3" [_thread_blocked, id=9436, stack(0x00000000207a0000,0x00000000208a0000)]
  0x000000001b1d5000 JavaThread "Build operations Thread 2" [_thread_blocked, id=2408, stack(0x00000000206a0000,0x00000000207a0000)]
  0x000000001b1d1000 JavaThread "Build operations" [_thread_blocked, id=2748, stack(0x00000000205a0000,0x00000000206a0000)]
  0x000000001b1d0800 JavaThread "Cache worker for Artifact transforms cache (C:\Users\AA\.gradle\caches\transforms-1)" [_thread_blocked, id=10364, stack(0x00000000202a0000,0x00000000203a0000)]
  0x000000001b1d7000 JavaThread "Cache worker for cache directory md-rule (C:\Users\AA\.gradle\caches\4.10.1\md-rule)" [_thread_blocked, id=10648, stack(0x00000000200a0000,0x00000000201a0000)]
  0x000000001b1d3800 JavaThread "Cache worker for cache directory md-supplier (C:\Users\AA\.gradle\caches\4.10.1\md-supplier)" [_thread_blocked, id=5200, stack(0x000000001ffa0000,0x00000000200a0000)]
  0x000000001b1d6800 JavaThread "Cache worker for journal cache (C:\Users\AA\.gradle\caches\journal-1)" [_thread_blocked, id=3120, stack(0x000000001f8a0000,0x000000001f9a0000)]
  0x000000001b1d5800 JavaThread "Cache worker for file hash cache (C:\Users\AA\AndroidStudioProjects\color\.gradle\4.10.1\fileHashes)" [_thread_blocked, id=10444, stack(0x000000001d520000,0x000000001d620000)]
  0x000000001b309000 JavaThread "File lock request listener" [_thread_in_native, id=10988, stack(0x000000001c190000,0x000000001c290000)]
  0x000000001982b000 JavaThread "Cache worker for file hash cache (C:\Users\AA\.gradle\caches\4.10.1\fileHashes)" [_thread_blocked, id=9388, stack(0x000000001c090000,0x000000001c190000)]
  0x0000000019c39800 JavaThread "Stdin handler" [_thread_blocked, id=10480, stack(0x000000001adc0000,0x000000001aec0000)]
  0x0000000019c34800 JavaThread "Asynchronous log dispatcher for DefaultDaemonConnection: socket connection from /127.0.0.1:60368 to /127.0.0.1:60369" [_thread_blocked, id=10496, stack(0x000000001acc0000,0x000000001adc0000)]
  0x0000000019c49000 JavaThread "Daemon worker" [_thread_in_native, id=10148, stack(0x000000001abc0000,0x000000001acc0000)]
  0x0000000019c29000 JavaThread "Cancel handler" [_thread_blocked, id=2860, stack(0x000000001aac0000,0x000000001abc0000)]
  0x0000000019781800 JavaThread "Handler for socket connection from /127.0.0.1:60368 to /127.0.0.1:60369" [_thread_in_native, id=10324, stack(0x000000001a7c0000,0x000000001a8c0000)]
  0x0000000019736800 JavaThread "Daemon" [_thread_blocked, id=10180, stack(0x000000001a6c0000,0x000000001a7c0000)]
  0x0000000019c0f000 JavaThread "Daemon periodic checks" [_thread_blocked, id=8892, stack(0x000000001a5c0000,0x000000001a6c0000)]
  0x0000000019c10000 JavaThread "Incoming local TCP Connector on port 60368" [_thread_in_native, id=8504, stack(0x000000001a410000,0x000000001a510000)]
  0x0000000017f99000 JavaThread "Service Thread" daemon [_thread_blocked, id=1700, stack(0x0000000018820000,0x0000000018920000)]
  0x0000000017f7c000 JavaThread "C1 CompilerThread2" daemon [_thread_blocked, id=4548, stack(0x0000000018720000,0x0000000018820000)]
  0x0000000016bac000 JavaThread "C2 CompilerThread1" daemon [_thread_blocked, id=1420, stack(0x0000000018620000,0x0000000018720000)]
=>0x0000000016b5e000 JavaThread "C2 CompilerThread0" daemon [_thread_in_native, id=1992, stack(0x0000000018520000,0x0000000018620000)]
  0x0000000016b5d000 JavaThread "Attach Listener" daemon [_thread_blocked, id=7616, stack(0x0000000018420000,0x0000000018520000)]
  0x0000000017f28800 JavaThread "Signal Dispatcher" daemon [_thread_blocked, id=10680, stack(0x0000000018320000,0x0000000018420000)]
  0x00000000031bc800 JavaThread "Finalizer" daemon [_thread_blocked, id=6064, stack(0x0000000017db0000,0x0000000017eb0000)]
  0x00000000031b1800 JavaThread "Reference Handler" daemon [_thread_blocked, id=10076, stack(0x0000000017cb0000,0x0000000017db0000)]
  0x0000000002fbe000 JavaThread "main" [_thread_blocked, id=10592, stack(0x0000000002fc0000,0x00000000030c0000)]

Other Threads:
  0x0000000016b16000 VMThread [stack: 0x0000000017bb0000,0x0000000017cb0000] [id=2640]
  0x0000000017f9c000 WatcherThread [stack: 0x0000000018920000,0x0000000018a20000] [id=5340]

VM state:not at safepoint (normal execution)

VM Mutex/Monitor currently owned by a thread: None

Heap:
 PSYoungGen      total 114688K, used 26730K [0x00000000e0000000, 0x00000000eb700000, 0x0000000100000000)
  eden space 102912K, 25% used [0x00000000e0000000,0x00000000e1a1a800,0x00000000e6480000)
  from space 11776K, 0% used [0x00000000e6480000,0x00000000e6480000,0x00000000e7000000)
  to   space 12288K, 0% used [0x00000000eab00000,0x00000000eab00000,0x00000000eb700000)
 ParOldGen       total 99840K, used 16447K [0x00000000a0000000, 0x00000000a6180000, 0x00000000e0000000)
  object space 99840K, 16% used [0x00000000a0000000,0x00000000a100fc40,0x00000000a6180000)
 Metaspace       used 38398K, capacity 39100K, committed 39296K, reserved 1083392K
  class space    used 5260K, capacity 5468K, committed 5504K, reserved 1048576K

Card table byte_map: [0x0000000012580000,0x0000000012890000] byte_map_base: 0x0000000012080000

Marking Bits: (ParMarkBitMap*) 0x00000000562f4970
 Begin Bits: [0x0000000012e90000, 0x0000000014690000)
 End Bits:   [0x0000000014690000, 0x0000000015e90000)

Polling page: 0x0000000000f70000

CodeCache: size=245760Kb used=11864Kb max_used=11876Kb free=233895Kb
 bounds [0x00000000031c0000, 0x0000000003d70000, 0x00000000121c0000]
 total_blobs=3987 nmethods=3268 adapters=632
 compilation: enabled

Compilation events (10 events):
Event: 6.380 Thread 0x0000000016bac000 nmethod 3318 0x0000000003d5bbd0 code [0x0000000003d5bd20, 0x0000000003d5beb8]
Event: 6.380 Thread 0x0000000017f7c000 3319       3       java.lang.ThreadLocal::get (38 bytes)
Event: 6.380 Thread 0x0000000017f7c000 nmethod 3319 0x0000000003d5d4d0 code [0x0000000003d5d660, 0x0000000003d5d9e8]
Event: 6.381 Thread 0x0000000016b5e000 3320   !   4       java.util.jar.Attributes::read (380 bytes)
Event: 6.394 Thread 0x0000000016bac000 3321       4       java.util.jar.Manifest$FastInputStream::readLine (9 bytes)
Event: 6.399 Thread 0x0000000016bac000 nmethod 3321 0x0000000003d5cc10 code [0x0000000003d5cd60, 0x0000000003d5d198]
Event: 6.399 Thread 0x0000000016bac000 3322       4       java.lang.String::checkBounds (46 bytes)
Event: 6.400 Thread 0x0000000016bac000 nmethod 3322 0x0000000003d5c950 code [0x0000000003d5ca80, 0x0000000003d5cb38]
Event: 6.400 Thread 0x0000000016bac000 3323       4       java.util.jar.Attributes$Name::isValid (45 bytes)
Event: 6.403 Thread 0x0000000016bac000 nmethod 3323 0x0000000003d61d10 code [0x0000000003d61e60, 0x0000000003d62198]

GC Heap History (10 events):
Event: 3.590 GC heap before
{Heap before GC invocations=5 (full 1):
 PSYoungGen      total 70656K, used 5105K [0x00000000e0000000, 0x00000000e8a00000, 0x0000000100000000)
  eden space 65536K, 0% used [0x00000000e0000000,0x00000000e0000000,0x00000000e4000000)
  from space 5120K, 99% used [0x00000000e4500000,0x00000000e49fc650,0x00000000e4a00000)
  to   space 5120K, 0% used [0x00000000e4000000,0x00000000e4000000,0x00000000e4500000)
 ParOldGen       total 86016K, used 10440K [0x00000000a0000000, 0x00000000a5400000, 0x00000000e0000000)
  object space 86016K, 12% used [0x00000000a0000000,0x00000000a0a323c8,0x00000000a5400000)
 Metaspace       used 20707K, capacity 21206K, committed 21248K, reserved 1067008K
  class space    used 2885K, capacity 3055K, committed 3072K, reserved 1048576K
Event: 3.622 GC heap after
Heap after GC invocations=5 (full 1):
 PSYoungGen      total 70656K, used 0K [0x00000000e0000000, 0x00000000e8a00000, 0x0000000100000000)
  eden space 65536K, 0% used [0x00000000e0000000,0x00000000e0000000,0x00000000e4000000)
  from space 5120K, 0% used [0x00000000e4500000,0x00000000e4500000,0x00000000e4a00000)
  to   space 5120K, 0% used [0x00000000e4000000,0x00000000e4000000,0x00000000e4500000)
 ParOldGen       total 65024K, used 10058K [0x00000000a0000000, 0x00000000a3f80000, 0x00000000e0000000)
  object space 65024K, 15% used [0x00000000a0000000,0x00000000a09d2838,0x00000000a3f80000)
 Metaspace       used 20707K, capacity 21206K, committed 21248K, reserved 1067008K
  class space    used 2885K, capacity 3055K, committed 3072K, reserved 1048576K
}
Event: 4.570 GC heap before
{Heap before GC invocations=6 (full 1):
 PSYoungGen      total 70656K, used 65536K [0x00000000e0000000, 0x00000000e8a00000, 0x0000000100000000)
  eden space 65536K, 100% used [0x00000000e0000000,0x00000000e4000000,0x00000000e4000000)
  from space 5120K, 0% used [0x00000000e4500000,0x00000000e4500000,0x00000000e4a00000)
  to   space 5120K, 0% used [0x00000000e4000000,0x00000000e4000000,0x00000000e4500000)
 ParOldGen       total 65024K, used 10058K [0x00000000a0000000, 0x00000000a3f80000, 0x00000000e0000000)
  object space 65024K, 15% used [0x00000000a0000000,0x00000000a09d2838,0x00000000a3f80000)
 Metaspace       used 27205K, capacity 27748K, committed 28032K, reserved 1073152K
  class space    used 3726K, capacity 3906K, committed 3968K, reserved 1048576K
Event: 4.582 GC heap after
Heap after GC invocations=6 (full 1):
 PSYoungGen      total 70656K, used 5114K [0x00000000e0000000, 0x00000000e7b80000, 0x0000000100000000)
  eden space 65536K, 0% used [0x00000000e0000000,0x00000000e0000000,0x00000000e4000000)
  from space 5120K, 99% used [0x00000000e4000000,0x00000000e44fea70,0x00000000e4500000)
  to   space 11776K, 0% used [0x00000000e7000000,0x00000000e7000000,0x00000000e7b80000)
 ParOldGen       total 65024K, used 11986K [0x00000000a0000000, 0x00000000a3f80000, 0x00000000e0000000)
  object space 65024K, 18% used [0x00000000a0000000,0x00000000a0bb4ad8,0x00000000a3f80000)
 Metaspace       used 27205K, capacity 27748K, committed 28032K, reserved 1073152K
  class space    used 3726K, capacity 3906K, committed 3968K, reserved 1048576K
}
Event: 5.338 GC heap before
{Heap before GC invocations=7 (full 1):
 PSYoungGen      total 70656K, used 70650K [0x00000000e0000000, 0x00000000e7b80000, 0x0000000100000000)
  eden space 65536K, 100% used [0x00000000e0000000,0x00000000e4000000,0x00000000e4000000)
  from space 5120K, 99% used [0x00000000e4000000,0x00000000e44fea70,0x00000000e4500000)
  to   space 11776K, 0% used [0x00000000e7000000,0x00000000e7000000,0x00000000e7b80000)
 ParOldGen       total 65024K, used 11986K [0x00000000a0000000, 0x00000000a3f80000, 0x00000000e0000000)
  object space 65024K, 18% used [0x00000000a0000000,0x00000000a0bb4ad8,0x00000000a3f80000)
 Metaspace       used 30609K, capacity 31088K, committed 31360K, reserved 1077248K
  class space    used 4255K, capacity 4421K, committed 4480K, reserved 1048576K
Event: 5.349 GC heap after
Heap after GC invocations=7 (full 1):
 PSYoungGen      total 114688K, used 8384K [0x00000000e0000000, 0x00000000e7c00000, 0x0000000100000000)
  eden space 102912K, 0% used [0x00000000e0000000,0x00000000e0000000,0x00000000e6480000)
  from space 11776K, 71% used [0x00000000e7000000,0x00000000e78300b8,0x00000000e7b80000)
  to   space 11776K, 0% used [0x00000000e6480000,0x00000000e6480000,0x00000000e7000000)
 ParOldGen       total 65024K, used 11994K [0x00000000a0000000, 0x00000000a3f80000, 0x00000000e0000000)
  object space 65024K, 18% used [0x00000000a0000000,0x00000000a0bb6ad8,0x00000000a3f80000)
 Metaspace       used 30609K, capacity 31088K, committed 31360K, reserved 1077248K
  class space    used 4255K, capacity 4421K, committed 4480K, reserved 1048576K
}
Event: 5.966 GC heap before
{Heap before GC invocations=8 (full 1):
 PSYoungGen      total 114688K, used 40862K [0x00000000e0000000, 0x00000000e7c00000, 0x0000000100000000)
  eden space 102912K, 31% used [0x00000000e0000000,0x00000000e1fb7860,0x00000000e6480000)
  from space 11776K, 71% used [0x00000000e7000000,0x00000000e78300b8,0x00000000e7b80000)
  to   space 11776K, 0% used [0x00000000e6480000,0x00000000e6480000,0x00000000e7000000)
 ParOldGen       total 65024K, used 11994K [0x00000000a0000000, 0x00000000a3f80000, 0x00000000e0000000)
  object space 65024K, 18% used [0x00000000a0000000,0x00000000a0bb6ad8,0x00000000a3f80000)
 Metaspace       used 34661K, capacity 35314K, committed 35416K, reserved 1079296K
  class space    used 4836K, capacity 5063K, committed 5120K, reserved 1048576K
Event: 5.974 GC heap after
Heap after GC invocations=8 (full 1):
 PSYoungGen      total 114688K, used 9446K [0x00000000e0000000, 0x00000000eb700000, 0x0000000100000000)
  eden space 102912K, 0% used [0x00000000e0000000,0x00000000e0000000,0x00000000e6480000)
  from space 11776K, 80% used [0x00000000e6480000,0x00000000e6db9b38,0x00000000e7000000)
  to   space 12288K, 0% used [0x00000000eab00000,0x00000000eab00000,0x00000000eb700000)
 ParOldGen       total 65024K, used 12002K [0x00000000a0000000, 0x00000000a3f80000, 0x00000000e0000000)
  object space 65024K, 18% used [0x00000000a0000000,0x00000000a0bb8ad8,0x00000000a3f80000)
 Metaspace       used 34661K, capacity 35314K, committed 35416K, reserved 1079296K
  class space    used 4836K, capacity 5063K, committed 5120K, reserved 1048576K
}
Event: 5.974 GC heap before
{Heap before GC invocations=9 (full 2):
 PSYoungGen      total 114688K, used 9446K [0x00000000e0000000, 0x00000000eb700000, 0x0000000100000000)
  eden space 102912K, 0% used [0x00000000e0000000,0x00000000e0000000,0x00000000e6480000)
  from space 11776K, 80% used [0x00000000e6480000,0x00000000e6db9b38,0x00000000e7000000)
  to   space 12288K, 0% used [0x00000000eab00000,0x00000000eab00000,0x00000000eb700000)
 ParOldGen       total 65024K, used 12002K [0x00000000a0000000, 0x00000000a3f80000, 0x00000000e0000000)
  object space 65024K, 18% used [0x00000000a0000000,0x00000000a0bb8ad8,0x00000000a3f80000)
 Metaspace       used 34661K, capacity 35314K, committed 35416K, reserved 1079296K
  class space    used 4836K, capacity 5063K, committed 5120K, reserved 1048576K
Event: 6.046 GC heap after
Heap after GC invocations=9 (full 2):
 PSYoungGen      total 114688K, used 0K [0x00000000e0000000, 0x00000000eb700000, 0x0000000100000000)
  eden space 102912K, 0% used [0x00000000e0000000,0x00000000e0000000,0x00000000e6480000)
  from space 11776K, 0% used [0x00000000e6480000,0x00000000e6480000,0x00000000e7000000)
  to   space 12288K, 0% used [0x00000000eab00000,0x00000000eab00000,0x00000000eb700000)
 ParOldGen       total 99840K, used 16447K [0x00000000a0000000, 0x00000000a6180000, 0x00000000e0000000)
  object space 99840K, 16% used [0x00000000a0000000,0x00000000a100fc40,0x00000000a6180000)
 Metaspace       used 34661K, capacity 35314K, committed 35416K, reserved 1079296K
  class space    used 4836K, capacity 5063K, committed 5120K, reserved 1048576K
}

Deoptimization events (10 events):
Event: 5.252 Thread 0x000000001b59d800 Uncommon trap: reason=unstable_if action=reinterpret pc=0x000000000363d5b4 method=java.util.concurrent.ConcurrentHashMap.transfer([Ljava/util/concurrent/ConcurrentHashMap$Node;[Ljava/util/concurrent/ConcurrentHashMap$Node;)V @ 34
Event: 5.255 Thread 0x000000001b1d5000 Uncommon trap: reason=unstable_if action=reinterpret pc=0x0000000003624314 method=java.util.concurrent.ConcurrentHashMap.addCount(JI)V @ 168
Event: 5.381 Thread 0x0000000019c49000 Uncommon trap: reason=unstable_if action=reinterpret pc=0x0000000003a5c368 method=org.codehaus.groovy.runtime.metaclass.MetaMethodIndex.addMethodToList(Ljava/lang/Object;Lgroovy/lang/MetaMethod;)Ljava/lang/Object; @ 226
Event: 5.506 Thread 0x0000000019c49000 Uncommon trap: reason=range_check action=make_not_entrant pc=0x0000000003ade30c method=java.lang.String.charAt(I)C @ 27
Event: 5.828 Thread 0x0000000019c49000 Uncommon trap: reason=predicate action=maybe_recompile pc=0x0000000003b07968 method=java.util.Arrays.binarySearch0([Ljava/lang/Object;IILjava/lang/Object;Ljava/util/Comparator;)I @ 28
Event: 5.860 Thread 0x0000000019c49000 Uncommon trap: reason=unstable_if action=reinterpret pc=0x0000000003cce78c method=java.security.CodeSource.hashCode()I @ 4
Event: 6.336 Thread 0x0000000019c49000 Uncommon trap: reason=unstable_if action=reinterpret pc=0x00000000036e7400 method=java.util.jar.Attributes$Name.isDigit(C)Z @ 3
Event: 6.340 Thread 0x0000000019c49000 Uncommon trap: reason=unstable_if action=reinterpret pc=0x0000000003cec2c0 method=java.lang.ThreadLocal.get()Ljava/lang/Object; @ 11
Event: 6.356 Thread 0x0000000019c49000 Uncommon trap: reason=unstable_if action=reinterpret pc=0x0000000003aa45d8 method=java.util.HashMap.putVal(ILjava/lang/Object;Ljava/lang/Object;ZZ)Ljava/lang/Object; @ 236
Event: 6.432 Thread 0x0000000019c49000 Uncommon trap: reason=unstable_if action=reinterpret pc=0x000000000363bfbc method=java.lang.CharacterDataLatin1.isWhitespace(I)Z @ 14

Classes redefined (0 events):
No events

Internal exceptions (10 events):
Event: 5.563 Thread 0x0000000019c49000 Exception <a 'java/lang/ClassNotFoundException': org/gradle/api/internal/ConventionTaskCustomizer> (0x00000000e0d9dcc8) thrown at [D:\src\AOSP-openjdk-cygwin\jdk8u\hotspot\src\share\vm\classfile\systemDictionary.cpp, line 210]
Event: 5.565 Thread 0x0000000019c49000 Exception <a 'java/lang/ClassNotFoundException': org/gradle/api/tasks/DeleteCustomizer> (0x00000000e0dd9728) thrown at [D:\src\AOSP-openjdk-cygwin\jdk8u\hotspot\src\share\vm\classfile\systemDictionary.cpp, line 210]
Event: 5.567 Thread 0x0000000019c49000 Exception <a 'java/lang/ClassNotFoundException': org/gradle/api/tasks/Delete_DecoratedCustomizer> (0x00000000e0e23710) thrown at [D:\src\AOSP-openjdk-cygwin\jdk8u\hotspot\src\share\vm\classfile\systemDictionary.cpp, line 210]
Event: 5.604 Thread 0x0000000019c49000 Exception <a 'java/lang/ClassNotFoundException': build_8jgfz2nuenp5rqy4du0d7jid0BeanInfo> (0x00000000e0f55b40) thrown at [D:\src\AOSP-openjdk-cygwin\jdk8u\hotspot\src\share\vm\classfile\systemDictionary.cpp, line 210]
Event: 5.604 Thread 0x0000000019c49000 Exception <a 'java/lang/ClassNotFoundException': build_8jgfz2nuenp5rqy4du0d7jid0Customizer> (0x00000000e0f60828) thrown at [D:\src\AOSP-openjdk-cygwin\jdk8u\hotspot\src\share\vm\classfile\systemDictionary.cpp, line 210]
Event: 5.608 Thread 0x0000000019c49000 Exception <a 'java/lang/ClassNotFoundException': org/gradle/api/internal/plugins/DefaultObjectConfigurationActionBeanInfo> (0x00000000e1022678) thrown at [D:\src\AOSP-openjdk-cygwin\jdk8u\hotspot\src\share\vm\classfile\systemDictionary.cpp, line 210]
Event: 5.608 Thread 0x0000000019c49000 Exception <a 'java/lang/ClassNotFoundException': org/gradle/api/internal/plugins/DefaultObjectConfigurationActionCustomizer> (0x00000000e105e9a0) thrown at [D:\src\AOSP-openjdk-cygwin\jdk8u\hotspot\src\share\vm\classfile\systemDictionary.cpp, line 210]
Event: 5.860 Thread 0x0000000019c49000 Implicit null exception at 0x0000000003cce495 to 0x0000000003cce77d
Event: 6.194 Thread 0x0000000019c49000 Exception <a 'sun/nio/fs/WindowsException'> (0x00000000e0ce1818) thrown at [D:\src\AOSP-openjdk-cygwin\jdk8u\hotspot\src\share\vm\prims\jni.cpp, line 709]
Event: 6.340 Thread 0x0000000019c49000 Implicit null exception at 0x0000000003cebd68 to 0x0000000003cec2a9

Events (10 events):
Event: 6.375 loading class sun/security/pkcs/PKCS9Attribute
Event: 6.375 loading class sun/security/pkcs/PKCS9Attribute done
Event: 6.403 loading class sun/security/util/ConstraintsParameters
Event: 6.403 loading class sun/security/util/ConstraintsParameters done
Event: 6.403 loading class sun/security/x509/AVAKeyword
Event: 6.431 loading class sun/security/x509/AVAKeyword done
Event: 6.432 Thread 0x0000000019c49000 Uncommon trap: trap_request=0xffffff65 fr.pc=0x000000000363bfbc
Event: 6.432 Thread 0x0000000019c49000 DEOPT PACKING pc=0x000000000363bfbc sp=0x000000001acb7c60
Event: 6.432 Thread 0x0000000019c49000 DEOPT UNPACKING pc=0x000000000320557b sp=0x000000001acb7bd8 mode 2
Event: 6.432 loading class java/text/Normalizer$Form


Dynamic libraries:
0x00007ff748740000 - 0x00007ff748771000 	C:\Program Files\Android\Android Studio\jre\bin\java.exe
0x00007ffa90460000 - 0x00007ffa90641000 	C:\WINDOWS\SYSTEM32\ntdll.dll
0x00007ffa8e150000 - 0x00007ffa8e202000 	C:\WINDOWS\System32\KERNEL32.DLL
0x00007ffa8cb40000 - 0x00007ffa8cdb3000 	C:\WINDOWS\System32\KERNELBASE.dll
0x00007ffa90010000 - 0x00007ffa900b1000 	C:\WINDOWS\System32\ADVAPI32.dll
0x00007ffa8ff60000 - 0x00007ffa8fffe000 	C:\WINDOWS\System32\msvcrt.dll
0x00007ffa8e0f0000 - 0x00007ffa8e14b000 	C:\WINDOWS\System32\sechost.dll
0x00007ffa8e7f0000 - 0x00007ffa8e914000 	C:\WINDOWS\System32\RPCRT4.dll
0x00007ffa8e210000 - 0x00007ffa8e3a0000 	C:\WINDOWS\System32\USER32.dll
0x00007ffa8c830000 - 0x00007ffa8c850000 	C:\WINDOWS\System32\win32u.dll
0x00007ffa8da90000 - 0x00007ffa8dab8000 	C:\WINDOWS\System32\GDI32.dll
0x00007ffa8cdc0000 - 0x00007ffa8cf52000 	C:\WINDOWS\System32\gdi32full.dll
0x00007ffa8d090000 - 0x00007ffa8d12f000 	C:\WINDOWS\System32\msvcp_win.dll
0x00007ffa8c850000 - 0x00007ffa8c948000 	C:\WINDOWS\System32\ucrtbase.dll
0x00007ffa824c0000 - 0x00007ffa82729000 	C:\WINDOWS\WinSxS\amd64_microsoft.windows.common-controls_6595b64144ccf1df_6.0.17134.648_none_fb45a0e93062a6d2\COMCTL32.dll
0x00007ffa8dd60000 - 0x00007ffa8e082000 	C:\WINDOWS\System32\combase.dll
0x00007ffa8cf60000 - 0x00007ffa8cfda000 	C:\WINDOWS\System32\bcryptPrimitives.dll
0x00007ffa8e920000 - 0x00007ffa8e94d000 	C:\WINDOWS\System32\IMM32.DLL
0x0000000055970000 - 0x0000000055a42000 	C:\Program Files\Android\Android Studio\jre\jre\bin\msvcr100.dll
0x0000000055b30000 - 0x000000005636f000 	C:\Program Files\Android\Android Studio\jre\jre\bin\server\jvm.dll
0x00007ffa8dd50000 - 0x00007ffa8dd58000 	C:\WINDOWS\System32\PSAPI.DLL
0x00007ffa7a8d0000 - 0x00007ffa7a8d9000 	C:\WINDOWS\SYSTEM32\WSOCK32.dll
0x00007ffa87780000 - 0x00007ffa877a3000 	C:\WINDOWS\SYSTEM32\WINMM.dll
0x00007ffa8b970000 - 0x00007ffa8b97a000 	C:\WINDOWS\SYSTEM32\VERSION.dll
0x00007ffa87720000 - 0x00007ffa8774a000 	C:\WINDOWS\SYSTEM32\WINMMBASE.dll
0x00007ffa8d8a0000 - 0x00007ffa8d8e9000 	C:\WINDOWS\System32\cfgmgr32.dll
0x00007ffa8fe30000 - 0x00007ffa8fe9c000 	C:\WINDOWS\System32\WS2_32.dll
0x00007ffa89040000 - 0x00007ffa8904f000 	C:\Program Files\Android\Android Studio\jre\jre\bin\verify.dll
0x00007ffa7aef0000 - 0x00007ffa7af19000 	C:\Program Files\Android\Android Studio\jre\jre\bin\java.dll
0x00007ffa89020000 - 0x00007ffa89036000 	C:\Program Files\Android\Android Studio\jre\jre\bin\zip.dll
0x00007ffa8e950000 - 0x00007ffa8fd90000 	C:\WINDOWS\System32\SHELL32.dll
0x00007ffa8fea0000 - 0x00007ffa8ff49000 	C:\WINDOWS\System32\shcore.dll
0x00007ffa8d190000 - 0x00007ffa8d89d000 	C:\WINDOWS\System32\windows.storage.dll
0x00007ffa901a0000 - 0x00007ffa901f1000 	C:\WINDOWS\System32\shlwapi.dll
0x00007ffa8c7f0000 - 0x00007ffa8c801000 	C:\WINDOWS\System32\kernel.appcore.dll
0x00007ffa8c810000 - 0x00007ffa8c82f000 	C:\WINDOWS\System32\profapi.dll
0x00007ffa8c7a0000 - 0x00007ffa8c7ec000 	C:\WINDOWS\System32\powrprof.dll
0x00007ffa8c770000 - 0x00007ffa8c77a000 	C:\WINDOWS\System32\FLTLIB.DLL
0x00007ffa87d70000 - 0x00007ffa87d8a000 	C:\Program Files\Android\Android Studio\jre\jre\bin\net.dll
0x00007ffa8bf90000 - 0x00007ffa8bff6000 	C:\WINDOWS\system32\mswsock.dll
0x00007ffa7aed0000 - 0x00007ffa7aee1000 	C:\Program Files\Android\Android Studio\jre\jre\bin\nio.dll
0x00007ffa7a2a0000 - 0x00007ffa7a2be000 	C:\Users\AA\.gradle\native\25\windows-amd64\native-platform.dll
0x00007ffa878e0000 - 0x00007ffa878ed000 	C:\Program Files\Android\Android Studio\jre\jre\bin\management.dll
0x00007ffa8c150000 - 0x00007ffa8c167000 	C:\WINDOWS\SYSTEM32\CRYPTSP.dll
0x00007ffa8bb70000 - 0x00007ffa8bba3000 	C:\WINDOWS\system32\rsaenh.dll
0x00007ffa8c270000 - 0x00007ffa8c295000 	C:\WINDOWS\SYSTEM32\bcrypt.dll
0x00007ffa8c670000 - 0x00007ffa8c698000 	C:\WINDOWS\SYSTEM32\USERENV.dll
0x00007ffa8c140000 - 0x00007ffa8c14b000 	C:\WINDOWS\SYSTEM32\CRYPTBASE.dll
0x00007ffa8bd10000 - 0x00007ffa8bd48000 	C:\WINDOWS\SYSTEM32\IPHLPAPI.DLL
0x00007ffa90000000 - 0x00007ffa90008000 	C:\WINDOWS\System32\NSI.dll
0x00007ffa865e0000 - 0x00007ffa865f6000 	C:\WINDOWS\SYSTEM32\dhcpcsvc6.DLL
0x00007ffa865c0000 - 0x00007ffa865da000 	C:\WINDOWS\SYSTEM32\dhcpcsvc.DLL

VM Arguments:
jvm_args: -Xmx1536m -Dfile.encoding=x-windows-950 -Duser.country=TW -Duser.language=zh -Duser.variant 
java_command: org.gradle.launcher.daemon.bootstrap.GradleDaemon 4.10.1
java_class_path (initial): C:\Users\AA\.gradle\wrapper\dists\gradle-4.10.1-all\455itskqi2qtf0v2sja68alqd\gradle-4.10.1\lib\gradle-launcher-4.10.1.jar
Launcher Type: SUN_STANDARD

Environment Variables:
JAVA_HOME=C:\Program Files (x86)\Java\jdk1.8.0_172
PATH=C:\Program Files\Microsoft MPI\Bin\;C:\Program Files (x86)\Common Files\Oracle\Java\javapath;C:\WINDOWS\system32;C:\WINDOWS;C:\WINDOWS\System32\Wbem;C:\WINDOWS\System32\WindowsPowerShell\v1.0\;C:\WINDOWS\System32\OpenSSH\;C:\Program Files (x86)\Microsoft SQL Server\130\Tools\Binn\;C:\Program Files\Microsoft SQL Server\130\Tools\Binn\;C:\Program Files (x86)\Microsoft SQL Server\130\DTS\Binn\;C:\Program Files\Microsoft SQL Server\130\DTS\Binn\;C:\Program Files\Microsoft SQL Server\Client SDK\ODBC\130\Tools\Binn\;C:\Program Files (x86)\Microsoft SQL Server\Client SDK\ODBC\130\Tools\Binn\;C:\Program Files (x86)\Microsoft SQL Server\140\Tools\Binn\;C:\Program Files (x86)\Microsoft SQL Server\140\DTS\Binn\;C:\Program Files (x86)\Microsoft SQL Server\140\Tools\Binn\ManagementStudio\;C:\Program Files\dotnet\;C:\Program Files\Crucial\Crucial Storage Executive;C:\Program Files\Microsoft SQL Server\110\Tools\Binn\;C:\Program Files (x86)\Common Files\AspenTech Shared\;C:\Program Files\Common Files\AspenTech Shared\;C:\Program Files\Git\cmd;C:\Users\AA\AppData\Local\Microsoft\WindowsApps;AspenTech\Aspen Hydraulics
USERNAME=AA
OS=Windows_NT
PROCESSOR_IDENTIFIER=Intel64 Family 6 Model 94 Stepping 3, GenuineIntel



---------------  S Y S T E M  ---------------

OS: Windows 10.0 , 64 bit Build 17134 (10.0.17134.648)

CPU:total 4 (initial active 4) (4 cores per cpu, 1 threads per core) family 6 model 94 stepping 3, cmov, cx8, fxsr, mmx, sse, sse2, sse3, ssse3, sse4.1, sse4.2, popcnt, avx, avx2, aes, clmul, erms, rtm, 3dnowpref, lzcnt, tsc, tscinvbit, bmi1, bmi2, adx

Memory: 4k page, physical 8246328k(675008k free), swap 10343480k(6044k free)

vm_info: OpenJDK 64-Bit Server VM (25.152-b02) for windows-amd64 JRE (1.8.0_152-release-1024-b02), built by "builder" with MS VC++ 10.0 (VS2010)

time: Thu May 09 01:52:30 2019
elapsed time: 6 seconds (0d 0h 0m 6s)

